<?xml version="1.0" encoding="UTF-8"?>
<testsuite xmlns:xsi="http://www.w3.org/2001/XMLSchema-instance" xsi:noNamespaceSchemaLocation="https://maven.apache.org/surefire/maven-surefire-plugin/xsd/surefire-test-report.xsd" version="3.0.2" name="uz.pdp.linkshortly.LinkShortlyApplicationTests" time="11.133" tests="1" errors="0" skipped="0" failures="0">
  <properties>
[...]
</properties>
  <testcase name="contextLoads" classname="uz.pdp.linkshortly.LinkShortlyApplicationTests" time="0.917">
    <system-out><![CDATA[23:43:38.985 [main] INFO org.springframework.test.context.support.AnnotationConfigContextLoaderUtils -- Could not detect default configuration classes for test class [uz.pdp.linkshortly.LinkShortlyApplicationTests]: LinkShortlyApplicationTests does not declare any static, non-private, non-final, nested classes annotated with @Configuration.
23:43:39.156 [main] INFO org.springframework.boot.test.context.SpringBootTestContextBootstrapper -- Found @SpringBootConfiguration uz.pdp.linkshortly.LinkShortlyApplication for test class uz.pdp.linkshortly.LinkShortlyApplicationTests

  .   ____          _            __ _ _
 /\\ / ___'_ __ _ _(_)_ __  __ _ \ \ \ \
( ( )\___ | '_ | '_| | '_ \/ _` | \ \ \ \
 \\/  ___)| |_)| | | | | || (_| |  ) ) ) )
  '  |____| .__|_| |_|_| |_\__, | / / / /
 =========|_|==============|___/=/_/_/_/

 :: Spring Boot ::                (v3.5.3)

2025-06-30T23:43:39.872+05:00  INFO 11164 --- [           main] u.p.l.LinkShortlyApplicationTests        : Starting LinkShortlyApplicationTests using Java 17.0.15 with PID 11164 (started by USER in C:\PDP\LinkShortly)
2025-06-30T23:43:39.876+05:00  INFO 11164 --- [           main] u.p.l.LinkShortlyApplicationTests        : No active profile set, falling back to 1 default profile: "default"
2025-06-30T23:43:41.314+05:00  INFO 11164 --- [           main] .s.d.r.c.RepositoryConfigurationDelegate : Bootstrapping Spring Data JPA repositories in DEFAULT mode.
2025-06-30T23:43:41.415+05:00  INFO 11164 --- [           main] .s.d.r.c.RepositoryConfigurationDelegate : Finished Spring Data repository scanning in 86 ms. Found 1 JPA repository interface.
2025-06-30T23:43:42.113+05:00  INFO 11164 --- [           main] o.hibernate.jpa.internal.util.LogHelper  : HHH000204: Processing PersistenceUnitInfo [name: default]
2025-06-30T23:43:42.210+05:00  INFO 11164 --- [           main] org.hibernate.Version                    : HHH000412: Hibernate ORM core version 6.6.18.Final
2025-06-30T23:43:42.282+05:00  INFO 11164 --- [           main] o.h.c.internal.RegionFactoryInitiator    : HHH000026: Second-level cache disabled
2025-06-30T23:43:43.452+05:00  INFO 11164 --- [           main] o.s.o.j.p.SpringPersistenceUnitInfo      : No LoadTimeWeaver setup: ignoring JPA class transformer
2025-06-30T23:43:43.608+05:00  INFO 11164 --- [           main] com.zaxxer.hikari.HikariDataSource       : HikariPool-1 - Starting...
2025-06-30T23:43:44.671+05:00  INFO 11164 --- [           main] com.zaxxer.hikari.pool.HikariPool        : HikariPool-1 - Added connection org.postgresql.jdbc.PgConnection@5e158f33
2025-06-30T23:43:44.675+05:00  INFO 11164 --- [           main] com.zaxxer.hikari.HikariDataSource       : HikariPool-1 - Start completed.
2025-06-30T23:43:44.938+05:00  INFO 11164 --- [           main] org.hibernate.orm.connections.pooling    : HHH10001005: Database info:
	Database JDBC URL [Connecting through datasource 'HikariDataSource (HikariPool-1)']
	Database driver: undefined/unknown
	Database version: 17.4
	Autocommit mode: undefined/unknown
	Isolation level: undefined/unknown
	Minimum pool size: undefined/unknown
	Maximum pool size: undefined/unknown
2025-06-30T23:43:46.443+05:00  INFO 11164 --- [           main] o.h.e.t.j.p.i.JtaPlatformInitiator       : HHH000489: No JTA platform available (set 'hibernate.transaction.jta.platform' to enable JTA platform integration)
2025-06-30T23:43:46.524+05:00  INFO 11164 --- [           main] j.LocalContainerEntityManagerFactoryBean : Initialized JPA EntityManagerFactory for persistence unit 'default'
2025-06-30T23:43:47.724+05:00  WARN 11164 --- [           main] JpaBaseConfiguration$JpaWebConfiguration : spring.jpa.open-in-view is enabled by default. Therefore, database queries may be performed during view rendering. Explicitly configure spring.jpa.open-in-view to disable this warning
2025-06-30T23:43:48.935+05:00  INFO 11164 --- [           main] u.p.l.LinkShortlyApplicationTests        : Started LinkShortlyApplicationTests in 9.494 seconds (process running for 11.412)
]]></system-out>
  </testcase>
</testsuite>